TN:
SF:components/dashboard/layout.tsx
FN:11,DashboardLayout
FNF:1
FNH:1
FNDA:9,DashboardLayout
DA:1,1
DA:2,1
DA:3,1
DA:4,1
DA:5,1
DA:6,1
DA:7,1
DA:8,1
DA:9,1
DA:10,1
DA:11,1
DA:12,9
DA:13,9
DA:14,9
DA:15,9
DA:16,9
DA:17,9
DA:18,9
DA:19,9
DA:20,9
DA:21,9
DA:22,9
DA:23,9
DA:24,9
DA:25,9
LF:25
LH:25
BRDA:11,0,0,9
BRF:1
BRH:1
end_of_record
TN:
SF:components/dashboard/sidebar.tsx
FN:31,Sidebar
FN:74,onClick
FNF:2
FNH:2
FNDA:13,Sidebar
FNDA:1,onClick
DA:1,1
DA:2,1
DA:3,1
DA:4,1
DA:5,1
DA:6,1
DA:7,1
DA:8,1
DA:9,1
DA:10,1
DA:11,1
DA:12,1
DA:13,1
DA:14,1
DA:15,1
DA:16,1
DA:17,1
DA:18,1
DA:19,1
DA:20,1
DA:21,1
DA:22,1
DA:23,1
DA:24,1
DA:25,1
DA:26,1
DA:27,1
DA:28,1
DA:29,1
DA:30,1
DA:31,1
DA:32,13
DA:33,13
DA:34,13
DA:35,13
DA:36,13
DA:37,13
DA:38,13
DA:39,13
DA:40,13
DA:41,13
DA:42,13
DA:43,13
DA:44,13
DA:45,13
DA:46,13
DA:47,13
DA:48,52
DA:49,52
DA:50,52
DA:51,52
DA:52,52
DA:53,52
DA:54,52
DA:55,52
DA:56,6
DA:57,46
DA:58,52
DA:59,52
DA:60,52
DA:61,52
DA:62,52
DA:63,52
DA:64,52
DA:65,52
DA:66,52
DA:67,52
DA:68,52
DA:69,13
DA:70,13
DA:71,13
DA:72,13
DA:73,13
DA:74,13
DA:75,13
DA:76,13
DA:77,13
DA:78,13
DA:79,13
DA:80,13
DA:81,13
DA:82,13
DA:83,13
DA:84,13
DA:85,13
DA:86,13
DA:87,13
DA:88,13
DA:89,13
DA:90,13
DA:91,13
DA:92,13
DA:93,13
DA:94,13
DA:95,13
LF:95
LH:95
BRDA:31,0,0,13
BRDA:88,1,0,1
BRDA:88,2,0,12
BRDA:47,3,0,52
BRDA:49,4,0,47
BRDA:55,5,0,6
BRDA:56,6,0,46
BRDA:74,7,0,1
BRF:8
BRH:8
end_of_record
TN:
SF:components/dashboard/topbar.tsx
FN:11,Topbar
FNF:1
FNH:1
FNDA:11,Topbar
DA:1,1
DA:2,1
DA:3,1
DA:4,1
DA:5,1
DA:6,1
DA:7,1
DA:8,1
DA:9,1
DA:10,1
DA:11,1
DA:12,11
DA:13,11
DA:14,11
DA:15,11
DA:16,11
DA:17,11
DA:18,5
DA:19,5
DA:20,5
DA:21,5
DA:22,5
DA:23,5
DA:24,5
DA:25,5
DA:26,5
DA:27,5
DA:28,5
DA:29,4
DA:30,5
DA:31,5
DA:32,5
DA:33,5
DA:34,5
DA:35,5
DA:36,5
DA:37,5
DA:38,11
DA:39,11
DA:40,11
DA:41,11
DA:42,11
DA:43,11
DA:44,11
DA:45,11
DA:46,11
DA:47,11
DA:48,11
DA:49,11
DA:50,11
DA:51,11
DA:52,11
DA:53,11
DA:54,11
DA:55,11
DA:56,11
DA:57,11
DA:58,11
DA:59,11
DA:60,11
DA:61,11
DA:62,11
DA:63,11
LF:63
LH:63
BRDA:11,0,0,11
BRDA:17,1,0,5
BRDA:19,2,0,9
BRDA:25,3,0,3
BRDA:27,4,0,5
BRDA:28,5,0,4
BRF:6
BRH:6
end_of_record
